Flutter crash report; please file at https://github.com/flutter/flutter/issues.

## command

flutter build appbundle

## exception

ProcessException: ProcessException: Process "E:\Dev\DART\praxis-academy\novice\04-04\kasus\flutter_localization\android\gradlew.bat" exited abnormally:
Exception in thread "main" java.lang.NullPointerException
	at org.gradle.wrapper.BootstrapMainStarter.findLauncherJar(BootstrapMainStarter.java:34)
	at org.gradle.wrapper.BootstrapMainStarter.start(BootstrapMainStarter.java:25)
	at org.gradle.wrapper.WrapperExecutor.execute(WrapperExecutor.java:129)
	at org.gradle.wrapper.GradleWrapperMain.main(GradleWrapperMain.java:61)
  Command: E:\Dev\DART\praxis-academy\novice\04-04\kasus\flutter_localization\android\gradlew.bat -v

```
#0      runCheckedAsync (package:flutter_tools/src/base/process.dart:259:7)
<asynchronous suspension>
#1      _initializeGradle (package:flutter_tools/src/android/gradle.dart:300:9)
<asynchronous suspension>
#2      _ensureGradle (package:flutter_tools/src/android/gradle.dart:281:37)
<asynchronous suspension>
#3      buildGradleProject (package:flutter_tools/src/android/gradle.dart:484:31)
<asynchronous suspension>
#4      buildAppBundle (package:flutter_tools/src/android/app_bundle.dart:43:10)
<asynchronous suspension>
#5      BuildAppBundleCommand.runCommand (package:flutter_tools/src/commands/build_appbundle.dart:47:11)
<asynchronous suspension>
#6      FlutterCommand.verifyThenRunCommand (package:flutter_tools/src/runner/flutter_command.dart:490:18)
#7      _asyncThenWrapperHelper.<anonymous closure> (dart:async-patch/async_patch.dart:71:64)
#8      _rootRunUnary (dart:async/zone.dart:1132:38)
#9      _CustomZone.runUnary (dart:async/zone.dart:1029:19)
#10     _FutureListener.handleValue (dart:async/future_impl.dart:137:18)
#11     Future._propagateToListeners.handleValueCallback (dart:async/future_impl.dart:678:45)
#12     Future._propagateToListeners (dart:async/future_impl.dart:707:32)
#13     Future._completeWithValue (dart:async/future_impl.dart:522:5)
#14     Future._asyncComplete.<anonymous closure> (dart:async/future_impl.dart:552:7)
#15     _rootRun (dart:async/zone.dart:1124:13)
#16     _CustomZone.run (dart:async/zone.dart:1021:19)
#17     _CustomZone.runGuarded (dart:async/zone.dart:923:7)
#18     _CustomZone.bindCallbackGuarded.<anonymous closure> (dart:async/zone.dart:963:23)
#19     _microtaskLoop (dart:async/schedule_microtask.dart:41:21)
#20     _startMicrotaskLoop (dart:async/schedule_microtask.dart:50:5)
#21     _runPendingImmediateCallback (dart:isolate-patch/isolate_patch.dart:116:13)
#22     _RawReceivePortImpl._handleMessage (dart:isolate-patch/isolate_patch.dart:173:5)
```

## flutter doctor

```
[32m[✓][39m Flutter (Channel stable, v1.9.1+hotfix.6, on Microsoft Windows [Version 10.0.17763.379], locale en-GB)
    [32m•[39m Flutter version 1.9.1+hotfix.6 at C:\src\flutter
    [32m•[39m Framework revision 68587a0916 (3 months ago), 2019-09-13 19:46:58 -0700
    [32m•[39m Engine revision b863200c37
    [32m•[39m Dart version 2.5.0

[32m[✓][39m Android toolchain - develop for Android devices (Android SDK version 29.0.2)
    [32m•[39m Android SDK at D:\Sdk\Sdk
    [32m•[39m Android NDK location not configured (optional; useful for native profiling support)
    [32m•[39m Platform android-29, build-tools 29.0.2
    [32m•[39m ANDROID_HOME = C:\Users\Agus susanto\AppData\Local\Android\Sdk
    [32m•[39m ANDROID_SDK_ROOT = C:\Users\Agus susanto\AppData\Local\Android\Sdk
    [32m•[39m Java binary at: D:\Program Files\Android\Android Studio\jre\bin\java
    [32m•[39m Java version OpenJDK Runtime Environment (build 1.8.0_202-release-1483-b03)
    [32m•[39m All Android licenses accepted.

[32m[✓][39m Android Studio (version 3.5)
    [32m•[39m Android Studio at D:\Program Files\Android\Android Studio
    [32m•[39m Flutter plugin version 41.1.2
    [32m•[39m Dart plugin version 191.8593
    [32m•[39m Java version OpenJDK Runtime Environment (build 1.8.0_202-release-1483-b03)

[33m[!][39m IntelliJ IDEA Community Edition (version 2019.2)
    [32m•[39m IntelliJ at D:\Program Files\JetBrains\IntelliJ IDEA Community Edition 2019.2.3
    [31m✗[39m Flutter plugin not installed; this adds Flutter specific functionality.
    [31m✗[39m Dart plugin not installed; this adds Dart specific functionality.
    [32m•[39m For information about installing plugins, see
      https://flutter.dev/intellij-setup/#installing-the-plugins

[33m[!][39m Connected device
    [33m![39m No devices available

[33m![39m Doctor found issues in 2 categories.
```
